<?xml version="1.0" encoding="UTF-8"?>
<testsuite xmlns:xsi="http://www.w3.org/2001/XMLSchema-instance" xsi:noNamespaceSchemaLocation="https://maven.apache.org/surefire/maven-surefire-plugin/xsd/surefire-test-report-3.0.xsd" version="3.0" name="com.mycompany.sistemaseguridad.PasswordValidatorTest" time="0.013" tests="7" errors="0" skipped="0" failures="0">
  <properties>
[...]
</properties>
  <testcase name="testReglasDeEspacios" classname="com.mycompany.sistemaseguridad.PasswordValidatorTest" time="0.001"/>
  <testcase name="testComplejidadInvalida" classname="com.mycompany.sistemaseguridad.PasswordValidatorTest" time="0.001"/>
  <testcase name="testLongitudMuyCorta" classname="com.mycompany.sistemaseguridad.PasswordValidatorTest" time="0.001"/>
  <testcase name="testContrasenaConEspacioValido" classname="com.mycompany.sistemaseguridad.PasswordValidatorTest" time="0.001"/>
  <testcase name="testContrasenaValida" classname="com.mycompany.sistemaseguridad.PasswordValidatorTest" time="0"/>
  <testcase name="testContrasenaVacia" classname="com.mycompany.sistemaseguridad.PasswordValidatorTest" time="0.001"/>
  <testcase name="testContrasenaNula" classname="com.mycompany.sistemaseguridad.PasswordValidatorTest" time="0.001"/>
</testsuite>